android-apk/app/build/intermediates/manifest_merge_blame_file/debug/manifest-merger-blame-debug-report.txt
1<?xml version="1.0" encoding="utf-8"?>
2<manifest xmlns:android="http://schemas.android.com/apk/res/android"
3    package="com.iptvplayer.app"
4    android:versionCode="1"
5    android:versionName="1.0" >
6
7    <uses-sdk
8        android:minSdkVersion="21"
9        android:targetSdkVersion="33" />
10
11    <uses-permission android:name="android.permission.INTERNET" />
11-->src/main/AndroidManifest.xml:3:5-66
11-->src/main/AndroidManifest.xml:3:22-64
12    <uses-permission android:name="android.permission.ACCESS_NETWORK_STATE" />
12-->src/main/AndroidManifest.xml:4:5-78
12-->src/main/AndroidManifest.xml:4:22-76
13
14    <permission
14-->[androidx.core:core:1.9.0] AndroidManifest.xml:22:5-24:47
15        android:name="com.iptvplayer.app.DYNAMIC_RECEIVER_NOT_EXPORTED_PERMISSION"
15-->[androidx.core:core:1.9.0] AndroidManifest.xml:23:9-81
16        android:protectionLevel="signature" />
16-->[androidx.core:core:1.9.0] AndroidManifest.xml:24:9-44
17
18    <uses-permission android:name="com.iptvplayer.app.DYNAMIC_RECEIVER_NOT_EXPORTED_PERMISSION" />
18-->[androidx.core:core:1.9.0] AndroidManifest.xml:26:5-97
18-->[androidx.core:core:1.9.0] AndroidManifest.xml:26:22-94
19
20    <application
20-->src/main/AndroidManifest.xml:5:5-22:19
21        android:allowBackup="true"
21-->src/main/AndroidManifest.xml:6:9-35
22        android:appComponentFactory="androidx.core.app.CoreComponentFactory"
22-->[androidx.core:core:1.9.0] AndroidManifest.xml:28:18-86
23        android:debuggable="true"
24        android:extractNativeLibs="true"
25        android:label="IPTV Player"
25-->src/main/AndroidManifest.xml:7:9-36
26        android:networkSecurityConfig="@xml/network_security_config"
26-->src/main/AndroidManifest.xml:10:9-69
27        android:theme="@style/Theme.IPTVPlayer"
27-->src/main/AndroidManifest.xml:8:9-48
28        android:usesCleartextTraffic="true" >
28-->src/main/AndroidManifest.xml:9:9-44
29        <activity
29-->src/main/AndroidManifest.xml:11:9-21:20
30            android:name="com.iptvplayer.app.MainActivity"
30-->src/main/AndroidManifest.xml:12:13-41
31            android:configChanges="orientation|screenSize|keyboardHidden"
31-->src/main/AndroidManifest.xml:14:13-74
32            android:exported="true"
32-->src/main/AndroidManifest.xml:13:13-36
33            android:windowSoftInputMode="adjustResize" >
33-->src/main/AndroidManifest.xml:15:13-55
34            <intent-filter>
34-->src/main/AndroidManifest.xml:16:13-20:29
35                <action android:name="android.intent.action.MAIN" />
35-->src/main/AndroidManifest.xml:17:17-68
35-->src/main/AndroidManifest.xml:17:25-66
36
37                <category android:name="android.intent.category.LAUNCHER" />
37-->src/main/AndroidManifest.xml:18:17-76
37-->src/main/AndroidManifest.xml:18:27-74
38                <category android:name="android.intent.category.LEANBACK_LAUNCHER" />
38-->src/main/AndroidManifest.xml:19:17-85
38-->src/main/AndroidManifest.xml:19:27-83
39            </intent-filter>
40        </activity>
41
42        <provider
42-->[androidx.emoji2:emoji2:1.2.0] AndroidManifest.xml:24:9-32:20
43            android:name="androidx.startup.InitializationProvider"
43-->[androidx.emoji2:emoji2:1.2.0] AndroidManifest.xml:25:13-67
44            android:authorities="com.iptvplayer.app.androidx-startup"
44-->[androidx.emoji2:emoji2:1.2.0] AndroidManifest.xml:26:13-68
45            android:exported="false" >
45-->[androidx.emoji2:emoji2:1.2.0] AndroidManifest.xml:27:13-37
46            <meta-data
46-->[androidx.emoji2:emoji2:1.2.0] AndroidManifest.xml:29:13-31:52
47                android:name="androidx.emoji2.text.EmojiCompatInitializer"
47-->[androidx.emoji2:emoji2:1.2.0] AndroidManifest.xml:30:17-75
48                android:value="androidx.startup" />
48-->[androidx.emoji2:emoji2:1.2.0] AndroidManifest.xml:31:17-49
49            <meta-data
49-->[androidx.lifecycle:lifecycle-process:2.4.1] AndroidManifest.xml:31:13-33:52
50                android:name="androidx.lifecycle.ProcessLifecycleInitializer"
50-->[androidx.lifecycle:lifecycle-process:2.4.1] AndroidManifest.xml:32:17-78
51                android:value="androidx.startup" />
51-->[androidx.lifecycle:lifecycle-process:2.4.1] AndroidManifest.xml:33:17-49
52        </provider>
53    </application>
54
55</manifest>